[debug] [2023-03-24T16:38:58.509Z] ----------------------------------------------------------------------
[debug] [2023-03-24T16:38:58.512Z] Command:       C:\Program Files\nodejs\node.exe C:\Users\kasutaja\AppData\Roaming\npm\node_modules\firebase-tools\lib\bin\firebase.js init
[debug] [2023-03-24T16:38:58.512Z] CLI Version:   11.2.2
[debug] [2023-03-24T16:38:58.512Z] Platform:      win32
[debug] [2023-03-24T16:38:58.512Z] Node Version:  v16.16.0
[debug] [2023-03-24T16:38:58.514Z] Time:          Fri Mar 24 2023 18:38:58 GMT+0200 (Eastern European Standard Time)
[debug] [2023-03-24T16:38:58.514Z] ----------------------------------------------------------------------
[debug] 
[debug] [2023-03-24T16:38:58.525Z] > command requires scopes: ["email","openid","https://www.googleapis.com/auth/cloudplatformprojects.readonly","https://www.googleapis.com/auth/firebase","https://www.googleapis.com/auth/cloud-platform"]
[debug] [2023-03-24T16:38:58.525Z] > authorizing via signed-in user (siim.seppi@gmail.com)
[info] 
     ######## #### ########  ######## ########     ###     ######  ########
     ##        ##  ##     ## ##       ##     ##  ##   ##  ##       ##
     ######    ##  ########  ######   ########  #########  ######  ######
     ##        ##  ##    ##  ##       ##     ## ##     ##       ## ##
     ##       #### ##     ## ######## ########  ##     ##  ######  ########

You're about to initialize a Firebase project in this directory:

  C:\Users\kasutaja\Documents\KOOL\RIK2\e-aed

[info] 
=== Project Setup
[info] 
[info] First, let's associate this project directory with a Firebase project.
[info] You can create multiple project aliases by running firebase use --add, 
[info] but for now we'll just set up a default project.
[info] 
[debug] [2023-03-24T16:39:04.522Z] > refreshing access token with scopes: []
[debug] [2023-03-24T16:39:04.524Z] >>> [apiv2][query] POST https://www.googleapis.com/oauth2/v3/token [none]
[debug] [2023-03-24T16:39:04.525Z] >>> [apiv2][body] POST https://www.googleapis.com/oauth2/v3/token [omitted]
[debug] [2023-03-24T16:39:04.619Z] <<< [apiv2][status] POST https://www.googleapis.com/oauth2/v3/token 400
[debug] [2023-03-24T16:39:04.619Z] <<< [apiv2][body] POST https://www.googleapis.com/oauth2/v3/token [omitted]
[debug] [2023-03-24T16:39:04.620Z] >>> [apiv2][query] GET https://firebase.googleapis.com/v1beta1/projects pageSize=100
[debug] [2023-03-24T16:39:04.675Z] <<< [apiv2][status] GET https://firebase.googleapis.com/v1beta1/projects 401
[debug] [2023-03-24T16:39:04.675Z] <<< [apiv2][body] GET https://firebase.googleapis.com/v1beta1/projects [omitted]
[debug] [2023-03-24T16:39:04.675Z] HTTP Error: 401, Request had invalid authentication credentials. Expected OAuth 2 access token, login cookie or other valid authentication credential. See https://developers.google.com/identity/sign-in/web/devconsole-project.
[debug] [2023-03-24T16:39:04.677Z] FirebaseError: HTTP Error: 401, Request had invalid authentication credentials. Expected OAuth 2 access token, login cookie or other valid authentication credential. See https://developers.google.com/identity/sign-in/web/devconsole-project.
    at responseToError (C:\Users\kasutaja\AppData\Roaming\npm\node_modules\firebase-tools\lib\responseToError.js:49:12)
    at RetryOperation._fn (C:\Users\kasutaja\AppData\Roaming\npm\node_modules\firebase-tools\lib\apiv2.js:287:77)
    at processTicksAndRejections (node:internal/process/task_queues:96:5)
[error] 
[error] Error: Failed to list Firebase projects. See firebase-debug.log for more info.
[debug] [2023-03-24T16:39:11.858Z] ----------------------------------------------------------------------
[debug] [2023-03-24T16:39:11.862Z] Command:       C:\Program Files\nodejs\node.exe C:\Users\kasutaja\AppData\Roaming\npm\node_modules\firebase-tools\lib\bin\firebase.js init
[debug] [2023-03-24T16:39:11.863Z] CLI Version:   11.2.2
[debug] [2023-03-24T16:39:11.863Z] Platform:      win32
[debug] [2023-03-24T16:39:11.864Z] Node Version:  v16.16.0
[debug] [2023-03-24T16:39:11.866Z] Time:          Fri Mar 24 2023 18:39:11 GMT+0200 (Eastern European Standard Time)
[debug] [2023-03-24T16:39:11.866Z] ----------------------------------------------------------------------
[debug] 
[debug] [2023-03-24T16:39:11.886Z] > command requires scopes: ["email","openid","https://www.googleapis.com/auth/cloudplatformprojects.readonly","https://www.googleapis.com/auth/firebase","https://www.googleapis.com/auth/cloud-platform"]
[debug] [2023-03-24T16:39:11.887Z] > authorizing via signed-in user (siim.seppi@gmail.com)
[info] 
     ######## #### ########  ######## ########     ###     ######  ########
     ##        ##  ##     ## ##       ##     ##  ##   ##  ##       ##
     ######    ##  ########  ######   ########  #########  ######  ######
     ##        ##  ##    ##  ##       ##     ## ##     ##       ## ##
     ##       #### ##     ## ######## ########  ##     ##  ######  ########

You're about to initialize a Firebase project in this directory:

  C:\Users\kasutaja\Documents\KOOL\RIK2\e-aed

[info] 
=== Project Setup
[info] 
[info] First, let's associate this project directory with a Firebase project.
[info] You can create multiple project aliases by running firebase use --add, 
[info] but for now we'll just set up a default project.
[info] 
[debug] [2023-03-24T16:39:34.766Z] > refreshing access token with scopes: []
[debug] [2023-03-24T16:39:34.769Z] >>> [apiv2][query] POST https://www.googleapis.com/oauth2/v3/token [none]
[debug] [2023-03-24T16:39:34.770Z] >>> [apiv2][body] POST https://www.googleapis.com/oauth2/v3/token [omitted]
[debug] [2023-03-24T16:39:34.908Z] <<< [apiv2][status] POST https://www.googleapis.com/oauth2/v3/token 400
[debug] [2023-03-24T16:39:34.909Z] <<< [apiv2][body] POST https://www.googleapis.com/oauth2/v3/token [omitted]
[debug] [2023-03-24T16:39:34.910Z] >>> [apiv2][query] GET https://firebase.googleapis.com/v1beta1/projects pageSize=100
[debug] [2023-03-24T16:39:34.958Z] <<< [apiv2][status] GET https://firebase.googleapis.com/v1beta1/projects 401
[debug] [2023-03-24T16:39:34.958Z] <<< [apiv2][body] GET https://firebase.googleapis.com/v1beta1/projects [omitted]
[debug] [2023-03-24T16:39:34.959Z] HTTP Error: 401, Request had invalid authentication credentials. Expected OAuth 2 access token, login cookie or other valid authentication credential. See https://developers.google.com/identity/sign-in/web/devconsole-project.
[debug] [2023-03-24T16:39:34.960Z] FirebaseError: HTTP Error: 401, Request had invalid authentication credentials. Expected OAuth 2 access token, login cookie or other valid authentication credential. See https://developers.google.com/identity/sign-in/web/devconsole-project.
    at responseToError (C:\Users\kasutaja\AppData\Roaming\npm\node_modules\firebase-tools\lib\responseToError.js:49:12)
    at RetryOperation._fn (C:\Users\kasutaja\AppData\Roaming\npm\node_modules\firebase-tools\lib\apiv2.js:287:77)
    at processTicksAndRejections (node:internal/process/task_queues:96:5)
[error] 
[error] Error: Failed to list Firebase projects. See firebase-debug.log for more info.
[debug] [2023-03-24T17:17:27.589Z] ----------------------------------------------------------------------
[debug] [2023-03-24T17:17:27.591Z] Command:       C:\Program Files\nodejs\node.exe C:\Users\kasutaja\AppData\Roaming\npm\node_modules\firebase-tools\lib\bin\firebase.js init
[debug] [2023-03-24T17:17:27.592Z] CLI Version:   11.2.2
[debug] [2023-03-24T17:17:27.592Z] Platform:      win32
[debug] [2023-03-24T17:17:27.592Z] Node Version:  v16.16.0
[debug] [2023-03-24T17:17:27.593Z] Time:          Fri Mar 24 2023 19:17:27 GMT+0200 (Eastern European Standard Time)
[debug] [2023-03-24T17:17:27.593Z] ----------------------------------------------------------------------
[debug] 
[debug] [2023-03-24T17:17:27.602Z] > command requires scopes: ["email","openid","https://www.googleapis.com/auth/cloudplatformprojects.readonly","https://www.googleapis.com/auth/firebase","https://www.googleapis.com/auth/cloud-platform"]
[debug] [2023-03-24T17:17:27.603Z] > authorizing via signed-in user (siim.seppi@gmail.com)
[info] 
     ######## #### ########  ######## ########     ###     ######  ########
     ##        ##  ##     ## ##       ##     ##  ##   ##  ##       ##
     ######    ##  ########  ######   ########  #########  ######  ######
     ##        ##  ##    ##  ##       ##     ## ##     ##       ## ##
     ##       #### ##     ## ######## ########  ##     ##  ######  ########

You're about to initialize a Firebase project in this directory:

  C:\Users\kasutaja\Documents\KOOL\RIK2\e-aed

[info] 
=== Project Setup
[info] 
[info] First, let's associate this project directory with a Firebase project.
[info] You can create multiple project aliases by running firebase use --add, 
[info] but for now we'll just set up a default project.
[info] 
[debug] [2023-03-24T17:17:40.377Z] > refreshing access token with scopes: []
[debug] [2023-03-24T17:17:40.380Z] >>> [apiv2][query] POST https://www.googleapis.com/oauth2/v3/token [none]
[debug] [2023-03-24T17:17:40.380Z] >>> [apiv2][body] POST https://www.googleapis.com/oauth2/v3/token [omitted]
[debug] [2023-03-24T17:17:40.467Z] <<< [apiv2][status] POST https://www.googleapis.com/oauth2/v3/token 400
[debug] [2023-03-24T17:17:40.467Z] <<< [apiv2][body] POST https://www.googleapis.com/oauth2/v3/token [omitted]
[debug] [2023-03-24T17:17:40.468Z] >>> [apiv2][query] GET https://firebase.googleapis.com/v1beta1/projects pageSize=100
[debug] [2023-03-24T17:17:40.557Z] <<< [apiv2][status] GET https://firebase.googleapis.com/v1beta1/projects 401
[debug] [2023-03-24T17:17:40.558Z] <<< [apiv2][body] GET https://firebase.googleapis.com/v1beta1/projects [omitted]
[debug] [2023-03-24T17:17:40.559Z] HTTP Error: 401, Request had invalid authentication credentials. Expected OAuth 2 access token, login cookie or other valid authentication credential. See https://developers.google.com/identity/sign-in/web/devconsole-project.
[debug] [2023-03-24T17:17:40.563Z] FirebaseError: HTTP Error: 401, Request had invalid authentication credentials. Expected OAuth 2 access token, login cookie or other valid authentication credential. See https://developers.google.com/identity/sign-in/web/devconsole-project.
    at responseToError (C:\Users\kasutaja\AppData\Roaming\npm\node_modules\firebase-tools\lib\responseToError.js:49:12)
    at RetryOperation._fn (C:\Users\kasutaja\AppData\Roaming\npm\node_modules\firebase-tools\lib\apiv2.js:287:77)
    at processTicksAndRejections (node:internal/process/task_queues:96:5)
[error] 
[error] Error: Failed to list Firebase projects. See firebase-debug.log for more info.
[debug] [2023-03-24T17:17:49.498Z] ----------------------------------------------------------------------
[debug] [2023-03-24T17:17:49.500Z] Command:       C:\Program Files\nodejs\node.exe C:\Users\kasutaja\AppData\Roaming\npm\node_modules\firebase-tools\lib\bin\firebase.js init
[debug] [2023-03-24T17:17:49.501Z] CLI Version:   11.2.2
[debug] [2023-03-24T17:17:49.501Z] Platform:      win32
[debug] [2023-03-24T17:17:49.501Z] Node Version:  v16.16.0
[debug] [2023-03-24T17:17:49.502Z] Time:          Fri Mar 24 2023 19:17:49 GMT+0200 (Eastern European Standard Time)
[debug] [2023-03-24T17:17:49.503Z] ----------------------------------------------------------------------
[debug] 
[debug] [2023-03-24T17:17:49.512Z] > command requires scopes: ["email","openid","https://www.googleapis.com/auth/cloudplatformprojects.readonly","https://www.googleapis.com/auth/firebase","https://www.googleapis.com/auth/cloud-platform"]
[debug] [2023-03-24T17:17:49.513Z] > authorizing via signed-in user (siim.seppi@gmail.com)
[info] 
     ######## #### ########  ######## ########     ###     ######  ########
     ##        ##  ##     ## ##       ##     ##  ##   ##  ##       ##
     ######    ##  ########  ######   ########  #########  ######  ######
     ##        ##  ##    ##  ##       ##     ## ##     ##       ## ##
     ##       #### ##     ## ######## ########  ##     ##  ######  ########

You're about to initialize a Firebase project in this directory:

  C:\Users\kasutaja\Documents\KOOL\RIK2\e-aed

[info] 
=== Project Setup
[info] 
[info] First, let's associate this project directory with a Firebase project.
[info] You can create multiple project aliases by running firebase use --add, 
[info] but for now we'll just set up a default project.
[info] 
[debug] [2023-03-24T17:18:02.467Z] > refreshing access token with scopes: []
[debug] [2023-03-24T17:18:02.470Z] >>> [apiv2][query] POST https://www.googleapis.com/oauth2/v3/token [none]
[debug] [2023-03-24T17:18:02.471Z] >>> [apiv2][body] POST https://www.googleapis.com/oauth2/v3/token [omitted]
[debug] [2023-03-24T17:18:02.619Z] <<< [apiv2][status] POST https://www.googleapis.com/oauth2/v3/token 400
[debug] [2023-03-24T17:18:02.620Z] <<< [apiv2][body] POST https://www.googleapis.com/oauth2/v3/token [omitted]
[debug] [2023-03-24T17:18:02.621Z] >>> [apiv2][query] GET https://firebase.googleapis.com/v1beta1/availableProjects pageSize=100
[debug] [2023-03-24T17:18:02.679Z] <<< [apiv2][status] GET https://firebase.googleapis.com/v1beta1/availableProjects 401
[debug] [2023-03-24T17:18:02.680Z] <<< [apiv2][body] GET https://firebase.googleapis.com/v1beta1/availableProjects [omitted]
[debug] [2023-03-24T17:18:02.681Z] HTTP Error: 401, Request had invalid authentication credentials. Expected OAuth 2 access token, login cookie or other valid authentication credential. See https://developers.google.com/identity/sign-in/web/devconsole-project.
[debug] [2023-03-24T17:18:02.683Z] FirebaseError: HTTP Error: 401, Request had invalid authentication credentials. Expected OAuth 2 access token, login cookie or other valid authentication credential. See https://developers.google.com/identity/sign-in/web/devconsole-project.
    at responseToError (C:\Users\kasutaja\AppData\Roaming\npm\node_modules\firebase-tools\lib\responseToError.js:49:12)
    at RetryOperation._fn (C:\Users\kasutaja\AppData\Roaming\npm\node_modules\firebase-tools\lib\apiv2.js:287:77)
    at processTicksAndRejections (node:internal/process/task_queues:96:5)
[error] 
[error] Error: Failed to list available Google Cloud Platform projects. See firebase-debug.log for more info.
[debug] [2023-03-24T17:19:03.758Z] ----------------------------------------------------------------------
[debug] [2023-03-24T17:19:03.760Z] Command:       C:\Program Files\nodejs\node.exe C:\Users\kasutaja\AppData\Roaming\npm\node_modules\firebase-tools\lib\bin\firebase.js init
[debug] [2023-03-24T17:19:03.761Z] CLI Version:   11.2.2
[debug] [2023-03-24T17:19:03.761Z] Platform:      win32
[debug] [2023-03-24T17:19:03.761Z] Node Version:  v16.16.0
[debug] [2023-03-24T17:19:03.762Z] Time:          Fri Mar 24 2023 19:19:03 GMT+0200 (Eastern European Standard Time)
[debug] [2023-03-24T17:19:03.763Z] ----------------------------------------------------------------------
[debug] 
[debug] [2023-03-24T17:19:03.772Z] > command requires scopes: ["email","openid","https://www.googleapis.com/auth/cloudplatformprojects.readonly","https://www.googleapis.com/auth/firebase","https://www.googleapis.com/auth/cloud-platform"]
[debug] [2023-03-24T17:19:03.773Z] > authorizing via signed-in user (siim.seppi@gmail.com)
[info] 
     ######## #### ########  ######## ########     ###     ######  ########
     ##        ##  ##     ## ##       ##     ##  ##   ##  ##       ##
     ######    ##  ########  ######   ########  #########  ######  ######
     ##        ##  ##    ##  ##       ##     ## ##     ##       ## ##
     ##       #### ##     ## ######## ########  ##     ##  ######  ########

You're about to initialize a Firebase project in this directory:

  C:\Users\kasutaja\Documents\KOOL\RIK2\e-aed

[info] 
=== Project Setup
[info] 
[info] First, let's associate this project directory with a Firebase project.
[info] You can create multiple project aliases by running firebase use --add, 
[info] but for now we'll just set up a default project.
[info] 
[info] i  If you want to create a project in a Google Cloud organization or folder, please use "firebase projects:create" instead, and return to this command when you've created the project. 
